# JRE version: OpenJDK Runtime Environment (12.0.1+12) (build 12.0.1+12)
# Java VM: OpenJDK 64-Bit Server VM (12.0.1+12, mixed mode, sharing, tiered, compressed oops, g1 gc, bsd-amd64)
Heap:
 garbage-first heap   total 264192K, used 50240K [0x0000000700000000, 0x0000000800000000)
  region size 1024K, 12 young (12288K), 10 survivors (10240K)
 Metaspace       used 19356K, capacity 19853K, committed 20096K, reserved 1067008K
  class space    used 2134K, capacity 2351K, committed 2432K, reserved 1048576K
GC Heap History (10 events):
Event: 16825.303 GC heap before
{Heap before GC invocations=10 (full 0):
 garbage-first heap   total 264192K, used 171438K [0x0000000700000000, 0x0000000800000000)
  region size 1024K, 153 young (156672K), 10 survivors (10240K)
 Metaspace       used 18821K, capacity 19267K, committed 19584K, reserved 1067008K
  class space    used 2106K, capacity 2314K, committed 2432K, reserved 1048576K
}
Event: 16825.306 GC heap after
{Heap after GC invocations=11 (full 0):
 garbage-first heap   total 264192K, used 25849K [0x0000000700000000, 0x0000000800000000)
  region size 1024K, 10 young (10240K), 10 survivors (10240K)
 Metaspace       used 18821K, capacity 19267K, committed 19584K, reserved 1067008K
  class space    used 2106K, capacity 2314K, committed 2432K, reserved 1048576K
}
Event: 49716.218 GC heap before
{Heap before GC invocations=11 (full 0):
 garbage-first heap   total 264192K, used 171257K [0x0000000700000000, 0x0000000800000000)
  region size 1024K, 153 young (156672K), 10 survivors (10240K)
 Metaspace       used 18888K, capacity 19331K, committed 19584K, reserved 1067008K
  class space    used 2107K, capacity 2314K, committed 2432K, reserved 1048576K
}
Event: 49716.260 GC heap after
{Heap after GC invocations=12 (full 0):
 garbage-first heap   total 264192K, used 27145K [0x0000000700000000, 0x0000000800000000)
  region size 1024K, 11 young (11264K), 11 survivors (11264K)
 Metaspace       used 18888K, capacity 19331K, committed 19584K, reserved 1067008K
  class space    used 2107K, capacity 2314K, committed 2432K, reserved 1048576K
}
Event: 80612.097 GC heap before
{Heap before GC invocations=12 (full 0):
 garbage-first heap   total 264192K, used 222729K [0x0000000700000000, 0x0000000800000000)
  region size 1024K, 153 young (156672K), 11 survivors (11264K)
 Metaspace       used 19125K, capacity 19569K, committed 19840K, reserved 1067008K
  class space    used 2119K, capacity 2347K, committed 2432K, reserved 1048576K
}
Event: 80612.124 GC heap after
{Heap after GC invocations=13 (full 0):
 garbage-first heap   total 264192K, used 76935K [0x0000000700000000, 0x0000000800000000)
  region size 1024K, 10 young (10240K), 10 survivors (10240K)
 Metaspace       used 19125K, capacity 19569K, committed 19840K, reserved 1067008K
  class space    used 2119K, capacity 2347K, committed 2432K, reserved 1048576K
}
Event: 90779.462 GC heap before
{Heap before GC invocations=13 (full 0):
 garbage-first heap   total 264192K, used 205959K [0x0000000700000000, 0x0000000800000000)
  region size 1024K, 136 young (139264K), 10 survivors (10240K)
 Metaspace       used 19176K, capacity 19634K, committed 19840K, reserved 1067008K
  class space    used 2121K, capacity 2347K, committed 2432K, reserved 1048576K
}
Event: 90779.497 GC heap after
{Heap after GC invocations=14 (full 0):
 garbage-first heap   total 264192K, used 39247K [0x0000000700000000, 0x0000000800000000)
  region size 1024K, 9 young (9216K), 9 survivors (9216K)
 Metaspace       used 19176K, capacity 19634K, committed 19840K, reserved 1067008K
  class space    used 2121K, capacity 2347K, committed 2432K, reserved 1048576K
}
Event: 135370.903 GC heap before
{Heap before GC invocations=14 (full 0):
 garbage-first heap   total 264192K, used 195919K [0x0000000700000000, 0x0000000800000000)
  region size 1024K, 153 young (156672K), 9 survivors (9216K)
 Metaspace       used 19351K, capacity 19847K, committed 20096K, reserved 1067008K
  class space    used 2133K, capacity 2350K, committed 2432K, reserved 1048576K
}
Event: 135370.986 GC heap after
{Heap after GC invocations=15 (full 0):
 garbage-first heap   total 264192K, used 49216K [0x0000000700000000, 0x0000000800000000)
  region size 1024K, 10 young (10240K), 10 survivors (10240K)
 Metaspace       used 19351K, capacity 19847K, committed 20096K, reserved 1067008K
  class space    used 2133K, capacity 2350K, committed 2432K, reserved 1048576K
}

